<?xml version="1.0" encoding="UTF-8"?>
<!-- Generated by org.testng.reporters.JUnitXMLReporter -->
<testsuite ignored="0" hostname="DESKTOP-CD78HT5" failures="1" tests="3" name="Surefire test" time="37.839" errors="0" timestamp="2025-06-20T13:27:22 IST">
  <testcase classname="com.selenium.practice.SeleniumPractice.DemoQATest" name="InputForm" time="14.448">
    <failure type="org.openqa.selenium.NoSuchElementException" message="Cannot locate option with value: Female
For documentation on this error, please visit: https://www.selenium.dev/documentation/webdriver/troubleshooting/errors#no-such-element-exception
Build info: version: &amp;apos;4.27.0&amp;apos;, revision: &amp;apos;d6e718d134&amp;apos;
System info: os.name: &amp;apos;Windows 10&amp;apos;, os.arch: &amp;apos;amd64&amp;apos;, os.version: &amp;apos;10.0&amp;apos;, java.version: &amp;apos;17.0.8&amp;apos;
Driver info: driver.version: unknown">
      <![CDATA[org.openqa.selenium.NoSuchElementException: Cannot locate option with value: Female
For documentation on this error, please visit: https://www.selenium.dev/documentation/webdriver/troubleshooting/errors#no-such-element-exception
Build info: version: '4.27.0', revision: 'd6e718d134'
System info: os.name: 'Windows 10', os.arch: 'amd64', os.version: '10.0', java.version: '17.0.8'
Driver info: driver.version: unknown
at org.openqa.selenium.support.ui.Select.findOptionsByValue(Select.java:393)
at org.openqa.selenium.support.ui.Select.selectByValue(Select.java:277)
at com.selenium.practice.SeleniumPractice.DemoQATest.InputForm(DemoQATest.java:40)
at java.base/java.util.ArrayList.forEach(ArrayList.java:1511)
... Removed 32 stack frames]]>
    </failure>
  </testcase> <!-- InputForm -->
  <testcase classname="com.selenium.practice.SeleniumPractice.PracticeRsaTest" name="AutoSuggestionExample" time="2.171"/>
  <testcase classname="com.selenium.practice.SeleniumPractice.PracticeRsaTest" name="RadioButtonExample" time="5.179"/>
</testsuite> <!-- Surefire test -->
